2024-12--19 14:12:18.0925 [main] ERROR utils.Log - 
sg
java.lang.IllegalStateException: The path to the driver executable must be set by the webdriver.chrome.driver system property; for more information, see http://code.google.com/p/selenium/wiki/ChromeDriver. The latest version can be downloaded from http://chromedriver.storage.googleapis.com/index.html
	at com.google.common.base.Preconditions.checkState(Preconditions.java:197) ~[guava-18.0.jar:?]
	at org.openqa.selenium.remote.service.DriverService.findExecutable(DriverService.java:110) ~[selenium-remote-driver-2.45.0.jar:?]
	at org.openqa.selenium.chrome.ChromeDriverService.access$000(ChromeDriverService.java:32) ~[selenium-chrome-driver-2.45.0.jar:?]
	at org.openqa.selenium.chrome.ChromeDriverService$Builder.findDefaultExecutable(ChromeDriverService.java:118) ~[selenium-chrome-driver-2.45.0.jar:?]
	at org.openqa.selenium.remote.service.DriverService$Builder.build(DriverService.java:291) ~[selenium-remote-driver-2.45.0.jar:?]
	at org.openqa.selenium.chrome.ChromeDriverService.createDefaultService(ChromeDriverService.java:82) ~[selenium-chrome-driver-2.45.0.jar:?]
	at org.openqa.selenium.chrome.ChromeDriver.<init>(ChromeDriver.java:117) ~[selenium-chrome-driver-2.45.0.jar:?]
	at base.TestBase.setup(TestBase.java:40) [test-classes/:?]
	at java.base/jdk.internal.reflect.DirectMethodHandleAccessor.invoke(DirectMethodHandleAccessor.java:104) ~[?:?]
	at java.base/java.lang.reflect.Method.invoke(Method.java:577) ~[?:?]
	at org.testng.internal.MethodInvocationHelper.invokeMethod(MethodInvocationHelper.java:85) [testng-6.8.21.jar:?]
	at org.testng.internal.Invoker.invokeConfigurationMethod(Invoker.java:552) [testng-6.8.21.jar:?]
	at org.testng.internal.Invoker.invokeConfigurations(Invoker.java:215) [testng-6.8.21.jar:?]
	at org.testng.internal.Invoker.invokeMethod(Invoker.java:636) [testng-6.8.21.jar:?]
	at org.testng.internal.Invoker.invokeTestMethod(Invoker.java:882) [testng-6.8.21.jar:?]
	at org.testng.internal.Invoker.invokeTestMethods(Invoker.java:1189) [testng-6.8.21.jar:?]
	at org.testng.internal.TestMethodWorker.invokeTestMethods(TestMethodWorker.java:124) [testng-6.8.21.jar:?]
	at org.testng.internal.TestMethodWorker.run(TestMethodWorker.java:108) [testng-6.8.21.jar:?]
	at org.testng.TestRunner.privateRun(TestRunner.java:767) [testng-6.8.21.jar:?]
	at org.testng.TestRunner.run(TestRunner.java:617) [testng-6.8.21.jar:?]
	at org.testng.SuiteRunner.runTest(SuiteRunner.java:348) [testng-6.8.21.jar:?]
	at org.testng.SuiteRunner.runSequentially(SuiteRunner.java:343) [testng-6.8.21.jar:?]
	at org.testng.SuiteRunner.privateRun(SuiteRunner.java:305) [testng-6.8.21.jar:?]
	at org.testng.SuiteRunner.run(SuiteRunner.java:254) [testng-6.8.21.jar:?]
	at org.testng.SuiteRunnerWorker.runSuite(SuiteRunnerWorker.java:52) [testng-6.8.21.jar:?]
	at org.testng.SuiteRunnerWorker.run(SuiteRunnerWorker.java:86) [testng-6.8.21.jar:?]
	at org.testng.TestNG.runSuitesSequentially(TestNG.java:1224) [testng-6.8.21.jar:?]
	at org.testng.TestNG.runSuitesLocally(TestNG.java:1149) [testng-6.8.21.jar:?]
	at org.testng.TestNG.run(TestNG.java:1057) [testng-6.8.21.jar:?]
	at org.testng.remote.AbstractRemoteTestNG.run(AbstractRemoteTestNG.java:115) [testng-remote.jar:?]
	at org.testng.remote.RemoteTestNG.initAndRun(RemoteTestNG.java:293) [testng-remote.jar:?]
	at org.testng.remote.RemoteTestNG.main(RemoteTestNG.java:91) [testng-remote.jar:?]
2024-15--19 14:15:15.0051 [main] ERROR utils.Log - 
sg
java.lang.IllegalStateException: The path to the driver executable must be set by the webdriver.chrome.driver system property; for more information, see http://code.google.com/p/selenium/wiki/ChromeDriver. The latest version can be downloaded from http://chromedriver.storage.googleapis.com/index.html
	at com.google.common.base.Preconditions.checkState(Preconditions.java:197) ~[guava-18.0.jar:?]
	at org.openqa.selenium.remote.service.DriverService.findExecutable(DriverService.java:110) ~[selenium-remote-driver-2.45.0.jar:?]
	at org.openqa.selenium.chrome.ChromeDriverService.access$000(ChromeDriverService.java:32) ~[selenium-chrome-driver-2.45.0.jar:?]
	at org.openqa.selenium.chrome.ChromeDriverService$Builder.findDefaultExecutable(ChromeDriverService.java:118) ~[selenium-chrome-driver-2.45.0.jar:?]
	at org.openqa.selenium.remote.service.DriverService$Builder.build(DriverService.java:291) ~[selenium-remote-driver-2.45.0.jar:?]
	at org.openqa.selenium.chrome.ChromeDriverService.createDefaultService(ChromeDriverService.java:82) ~[selenium-chrome-driver-2.45.0.jar:?]
	at org.openqa.selenium.chrome.ChromeDriver.<init>(ChromeDriver.java:117) ~[selenium-chrome-driver-2.45.0.jar:?]
	at base.TestBase.setup(TestBase.java:40) [test-classes/:?]
	at java.base/jdk.internal.reflect.DirectMethodHandleAccessor.invoke(DirectMethodHandleAccessor.java:104) ~[?:?]
	at java.base/java.lang.reflect.Method.invoke(Method.java:577) ~[?:?]
	at org.testng.internal.MethodInvocationHelper.invokeMethod(MethodInvocationHelper.java:85) [testng-6.8.21.jar:?]
	at org.testng.internal.Invoker.invokeConfigurationMethod(Invoker.java:552) [testng-6.8.21.jar:?]
	at org.testng.internal.Invoker.invokeConfigurations(Invoker.java:215) [testng-6.8.21.jar:?]
	at org.testng.internal.Invoker.invokeMethod(Invoker.java:636) [testng-6.8.21.jar:?]
	at org.testng.internal.Invoker.invokeTestMethod(Invoker.java:882) [testng-6.8.21.jar:?]
	at org.testng.internal.Invoker.invokeTestMethods(Invoker.java:1189) [testng-6.8.21.jar:?]
	at org.testng.internal.TestMethodWorker.invokeTestMethods(TestMethodWorker.java:124) [testng-6.8.21.jar:?]
	at org.testng.internal.TestMethodWorker.run(TestMethodWorker.java:108) [testng-6.8.21.jar:?]
	at org.testng.TestRunner.privateRun(TestRunner.java:767) [testng-6.8.21.jar:?]
	at org.testng.TestRunner.run(TestRunner.java:617) [testng-6.8.21.jar:?]
	at org.testng.SuiteRunner.runTest(SuiteRunner.java:348) [testng-6.8.21.jar:?]
	at org.testng.SuiteRunner.runSequentially(SuiteRunner.java:343) [testng-6.8.21.jar:?]
	at org.testng.SuiteRunner.privateRun(SuiteRunner.java:305) [testng-6.8.21.jar:?]
	at org.testng.SuiteRunner.run(SuiteRunner.java:254) [testng-6.8.21.jar:?]
	at org.testng.SuiteRunnerWorker.runSuite(SuiteRunnerWorker.java:52) [testng-6.8.21.jar:?]
	at org.testng.SuiteRunnerWorker.run(SuiteRunnerWorker.java:86) [testng-6.8.21.jar:?]
	at org.testng.TestNG.runSuitesSequentially(TestNG.java:1224) [testng-6.8.21.jar:?]
	at org.testng.TestNG.runSuitesLocally(TestNG.java:1149) [testng-6.8.21.jar:?]
	at org.testng.TestNG.run(TestNG.java:1057) [testng-6.8.21.jar:?]
	at org.testng.remote.AbstractRemoteTestNG.run(AbstractRemoteTestNG.java:115) [testng-remote.jar:?]
	at org.testng.remote.RemoteTestNG.initAndRun(RemoteTestNG.java:293) [testng-remote.jar:?]
	at org.testng.remote.RemoteTestNG.main(RemoteTestNG.java:91) [testng-remote.jar:?]
